<?xml version="1.0" encoding="UTF-8"?>
<testsuite name="com.aor.numbers.DivisibleByFilterTest" tests="2" skipped="0" failures="0" errors="0" timestamp="2022-10-18T08:56:27" hostname="VivoBook" time="0.03">
  <properties/>
  <testcase name="test()" classname="com.aor.numbers.DivisibleByFilterTest" time="0.029"/>
  <testcase name="test_with_zero()" classname="com.aor.numbers.DivisibleByFilterTest" time="0.0"/>
  <system-out><![CDATA[]]></system-out>
  <system-err><![CDATA[]]></system-err>
</testsuite>
